<?xml version="1.0" encoding="UTF-8"?>
<testng-results ignored="0" total="1" passed="1" failed="0" skipped="0">
  <reporter-output>
  </reporter-output>
  <suite started-at="2020-12-27T23:04:37 ART" name="TestSuite" finished-at="2020-12-27T23:04:50 ART" duration-ms="12544">
    <groups>
    </groups>
    <test started-at="2020-12-27T23:04:37 ART" name="Ejercicio 3" finished-at="2020-12-27T23:04:50 ART" duration-ms="12544">
      <class name="com.pom.test.TestPrueba">
        <test-method is-config="true" signature="upTest()[pri:0, instance:com.pom.test.TestPrueba@16aa0a0a]" started-at="2020-12-27T23:04:37 ART" name="upTest" finished-at="2020-12-27T23:04:45 ART" duration-ms="7993" status="PASS">
          <reporter-output>
          </reporter-output>
        </test-method> <!-- upTest -->
        <test-method signature="primeraPrueba()[pri:0, instance:com.pom.test.TestPrueba@16aa0a0a]" started-at="2020-12-27T23:04:45 ART" name="primeraPrueba" finished-at="2020-12-27T23:04:49 ART" duration-ms="3879" status="PASS">
          <reporter-output>
          </reporter-output>
        </test-method> <!-- primeraPrueba -->
        <test-method is-config="true" signature="closeTest()[pri:0, instance:com.pom.test.TestPrueba@16aa0a0a]" started-at="2020-12-27T23:04:49 ART" name="closeTest" finished-at="2020-12-27T23:04:50 ART" duration-ms="646" status="PASS">
          <reporter-output>
          </reporter-output>
        </test-method> <!-- closeTest -->
      </class> <!-- com.pom.test.TestPrueba -->
    </test> <!-- Ejercicio 3 -->
  </suite> <!-- TestSuite -->
</testng-results>
